-rwxrwxrwx 1 urbanjs urbanjs 13356 Jun 12 22:30 compute/app/compute.f90
 + mkdir -p build/dependencies
Initialized empty Git repository in /home/urbanjs/venus/V600/github/apps/compute/build/dependencies/M_kracken/.git/
Initialized empty Git repository in /home/urbanjs/venus/V600/github/apps/compute/build/dependencies/M_calculator/.git/
Reading file app/compute.f90

Processing documentation comments...
Correlating information from different parts of your project...

Creating HTML documentation...

Writing documentation to '/home/urbanjs/venus/V600/github/apps/compute/docs/fpm-ford'...

Browse the generated documentation: file:///home/urbanjs/venus/V600/github/apps/compute/docs/fpm-ford/index.html
-rwxrwxrwx 1 urbanjs urbanjs 6976 Jun 12 22:31 cprint/app/cprint.f90
 + mkdir -p build/dependencies
Initialized empty Git repository in /home/urbanjs/venus/V600/github/apps/cprint/build/dependencies/M_strings/.git/
-rw-rw-r-- 1 urbanjs urbanjs 7368 Jun 12 22:32 dw/app/dw.f90
 + mkdir -p build/dependencies
Initialized empty Git repository in /home/urbanjs/venus/V600/github/apps/dw/build/dependencies/M_strings/.git/
Reading file app/dw.f90

Processing documentation comments...
Correlating information from different parts of your project...

Creating HTML documentation...

Writing documentation to '/home/urbanjs/venus/V600/github/apps/dw/docs/fpm-ford'...

Browse the generated documentation: file:///home/urbanjs/venus/V600/github/apps/dw/docs/fpm-ford/index.html
-rwxrwxrwx 1 urbanjs urbanjs 57121 Jun 12 22:33 f90split/app/f90split.f90
 + mkdir -p build/dependencies
Initialized empty Git repository in /home/urbanjs/venus/V600/github/apps/f90split/build/dependencies/M_CLI2/.git/
Reading file app/f90split.f90

Processing documentation comments...
Correlating information from different parts of your project...

Creating HTML documentation...

Writing documentation to '/home/urbanjs/venus/V600/github/apps/f90split/docs/fpm-ford'...

Browse the generated documentation: file:///home/urbanjs/venus/V600/github/apps/f90split/docs/fpm-ford/index.html
-rwxrwxrwx 1 urbanjs urbanjs 12409 Jun 12 22:34 fcmd/app/fcmd.f90
 + mkdir -p build/dependencies
Initialized empty Git repository in /home/urbanjs/venus/V600/github/apps/fcmd/build/dependencies/M_strings/.git/
Reading file app/fcmd.f90

Processing documentation comments...
Correlating information from different parts of your project...

Creating HTML documentation...

Writing documentation to '/home/urbanjs/venus/V600/github/apps/fcmd/docs/fpm-ford'...

Browse the generated documentation: file:///home/urbanjs/venus/V600/github/apps/fcmd/docs/fpm-ford/index.html
-rwxrwxrwx 1 urbanjs urbanjs 15786 Jun 12 22:36 flower/app/flower.f90
 + mkdir -p build/dependencies
Initialized empty Git repository in /home/urbanjs/venus/V600/github/apps/flower/build/dependencies/M_CLI2/.git/
Reading file app/flower.f90

Processing documentation comments...
Correlating information from different parts of your project...

Creating HTML documentation...

Writing documentation to '/home/urbanjs/venus/V600/github/apps/flower/docs/fpm-ford'...

Browse the generated documentation: file:///home/urbanjs/venus/V600/github/apps/flower/docs/fpm-ford/index.html
 + mkdir -p build/dependencies
Initialized empty Git repository in /home/urbanjs/venus/V600/github/apps/funix/build/dependencies/M_kracken/.git/
Initialized empty Git repository in /home/urbanjs/venus/V600/github/apps/funix/build/dependencies/M_calculator/.git/
Reading file app/rmdir-.f90
Reading file app/pwd-.f90
Reading file app/link-.f90
Reading file app/sleep-.f90
Reading file app/main.f90
Reading file app/rename-.f90
Reading file app/showumask-.f90
Reading file app/logname-.f90
Reading file app/kill-.f90
Reading file app/cmp-.f90
Reading file app/fmt-.f90
Reading file app/uname-.f90
Reading file app/realpath-.f90
Reading file app/basename-.f90
Reading file app/rev-.f90
Reading file app/ls-.f90
Reading file app/unlink-.f90
Reading file app/colrm-.f90
Reading file app/yes-.f90
Reading file app/echo-.f90
Reading file app/tr-.f90
Reading file app/time-.f90
Reading file app/ln-.f90
Reading file app/paste-.f90
Reading file app/replace-.f90
Reading file app/shuf-.f90
Reading file app/printenv-.f90
Reading file app/touch-.f90
Reading file app/mv-.f90
Reading file app/expand-.f90
Reading file app/stat-.f90
Reading file app/seq-.f90
Reading file app/whoami-.f90
Reading file app/mkdir-.f90
Reading file app/hostname-.f90
Reading file app/mkfifo-.f90
Reading file app/tac-.f90
Reading file app/dirname-.f90
Reading file app/which-.f90
Reading file app/rm-.f90
Reading file app/tty-.f90

Processing documentation comments...
Correlating information from different parts of your project...

Creating HTML documentation...

Writing documentation to '/home/urbanjs/venus/V600/github/apps/funix/docs/fpm-ford'...

Browse the generated documentation: file:///home/urbanjs/venus/V600/github/apps/funix/docs/fpm-ford/index.html
 + mkdir -p build/dependencies
Initialized empty Git repository in /home/urbanjs/venus/V600/github/apps/hashkeys/build/dependencies/M_hashkeys/.git/
Initialized empty Git repository in /home/urbanjs/venus/V600/github/apps/hashkeys/build/dependencies/M_io/.git/
Reading file app/main.f90
Reading file app/sha3.f90
Reading file app/hasher.f90
Reading file app/digest.f90

Processing documentation comments...
Correlating information from different parts of your project...

Creating HTML documentation...

Writing documentation to '/home/urbanjs/venus/V600/github/apps/hashkeys/docs/fpm-ford'...

Browse the generated documentation: file:///home/urbanjs/venus/V600/github/apps/hashkeys/docs/fpm-ford/index.html
-rw-rw-r-- 1 urbanjs urbanjs 11315 Jun 12 22:39 la/app/la.f90
 + mkdir -p build/dependencies
Initialized empty Git repository in /home/urbanjs/venus/V600/github/apps/la/build/dependencies/M_CLI2/.git/
Initialized empty Git repository in /home/urbanjs/venus/V600/github/apps/la/build/dependencies/M_matrix/.git/
Initialized empty Git repository in /home/urbanjs/venus/V600/github/apps/la/build/dependencies/M_framework/.git/
Initialized empty Git repository in /home/urbanjs/venus/V600/github/apps/la/build/dependencies/M_msg/.git/
Initialized empty Git repository in /home/urbanjs/venus/V600/github/apps/la/build/dependencies/M_strings/.git/
Initialized empty Git repository in /home/urbanjs/venus/V600/github/apps/la/build/dependencies/M_history/.git/
Initialized empty Git repository in /home/urbanjs/venus/V600/github/apps/la/build/dependencies/M_list/.git/
Initialized empty Git repository in /home/urbanjs/venus/V600/github/apps/la/build/dependencies/M_io/.git/
Initialized empty Git repository in /home/urbanjs/venus/V600/github/apps/la/build/dependencies/M_LA/.git/
Initialized empty Git repository in /home/urbanjs/venus/V600/github/apps/la/build/dependencies/M_intrinsics/.git/
Initialized empty Git repository in /home/urbanjs/venus/V600/github/apps/la/build/dependencies/M_match/.git/
Initialized empty Git repository in /home/urbanjs/venus/V600/github/apps/la/build/dependencies/M_attr/.git/
[  0%]                     M_CLI2.F90
[  5%]                     M_CLI2.F90  done.
[  5%]           M_framework__msg.F90
[ 10%]           M_framework__msg.F90  done.
[ 10%]       M_framework__utility.f90
[ 15%]       M_framework__utility.f90  done.
[ 15%]                      M_msg.F90
[ 20%]                      M_msg.F90  done.
[ 20%]                  M_strings.F90
[ 25%]                  M_strings.F90  done.
[ 25%]                  M_history.f90
[ 30%]                  M_history.f90  done.
[ 30%]                     M_list.f90
[ 35%]                     M_list.f90  done.
[ 35%]                       M_io.F90
[ 40%]                       M_io.F90  done.
[ 40%]                       M_LA.f90
[ 45%]                       M_LA.f90  done.
[ 45%]               M_intrinsics.f90
[ 50%]               M_intrinsics.f90  done.
[ 50%]       M_framework__journal.f90
[ 55%]       M_framework__journal.f90  done.
[ 55%]        M_framework__verify.F90
[ 60%]        M_framework__verify.F90  done.
[ 60%]                  M_journal.f90
[ 65%]                  M_journal.f90  done.
[ 65%]        M_framework__approx.F90
[ 70%]        M_framework__approx.F90  done.
[ 70%]                     M_help.f90
[ 75%]                     M_help.f90  done.
[ 75%]                M_framework.f90
[ 80%]                M_framework.f90  done.
[ 80%]                   M_matrix.F90
[ 85%]                   M_matrix.F90  done.
[ 85%]                        libla.a
[ 90%]                        libla.a  done.
[ 90%]                         la.f90
[ 95%]                         la.f90  done.
[ 95%]                             la
[100%]                             la  done.
[100%] Project compiled successfully.
# Update: build/gfortran_E167FD2A985B468F/app/la -> /home/urbanjs/venus/V600/.local/bin
Reading file app/la.f90

Processing documentation comments...
Correlating information from different parts of your project...

Creating HTML documentation...

Writing documentation to '/home/urbanjs/venus/V600/github/apps/la/docs/fpm-ford'...

Browse the generated documentation: file:///home/urbanjs/venus/V600/github/apps/la/docs/fpm-ford/index.html
-rwxrwxrwx 1 urbanjs urbanjs 8850 Jun 12 22:40 lsup/app/lsup.f90
 + mkdir -p build/dependencies
Initialized empty Git repository in /home/urbanjs/venus/V600/github/apps/lsup/build/dependencies/GPF/.git/
[  0%]                       C-arcs.c
[  0%]                       C-arcs.c  done.
[  0%]                     C-aspect.c
[  1%]                     C-aspect.c  done.
[  1%]                       C-attr.c
[  2%]                       C-attr.c  done.
[  2%]                     C-buffer.c
[  3%]                     C-buffer.c  done.
[  3%]                     C-canvas.c
[  4%]                     C-canvas.c  done.
[  4%]                       C-cgmt.c
[  5%]                       C-cgmt.c  done.
[  5%]                       C-clip.c
[  6%]                       C-clip.c  done.
[  6%]                       C-curl.c
[  7%]                       C-curl.c  done.
[  7%]                     C-curves.c
[  8%]                     C-curves.c  done.
[  8%]                       C-draw.c
[  9%]                       C-draw.c  done.
[  9%]                    C-drivers.c
[ 10%]                    C-drivers.c  done.
[ 10%]                        C-fti.c
[ 11%]                        C-fti.c  done.
[ 11%]                      C-getgp.c
[ 11%]                      C-getgp.c  done.
[ 11%]                  C-getstring.c
[ 12%]                  C-getstring.c  done.
[ 12%]                        C-gnu.c
[ 13%]                        C-gnu.c  done.
[ 13%]                     C-hlsrgb.c
[ 14%]                     C-hlsrgb.c  done.
[ 14%]                      C-hpdxy.c
[ 15%]                      C-hpdxy.c  done.
[ 15%]                       C-hpgt.c
[ 16%]                       C-hpgt.c  done.
[ 16%]                     C-hvsrgb.c
[ 17%]                     C-hvsrgb.c  done.
[ 17%]                   C-jubiglet.c
[ 18%]                   C-jubiglet.c  done.
[ 18%]                    C-jucolor.c
[ 19%]                    C-jucolor.c  done.
[ 19%]                     C-macros.c
[ 20%]                     C-macros.c  done.
[ 20%]                    C-mapping.c
[ 21%]                    C-mapping.c  done.
[ 21%]                     C-matrix.c
[ 22%]                     C-matrix.c  done.
[ 22%]                 C-M_drawplus.c
[ 22%]                 C-M_drawplus.c  done.
[ 22%]                   C-M_getkey.c
[ 23%]                   C-M_getkey.c  done.
[ 23%]                 C-M_hashkeys.c
[ 24%]                 C-M_hashkeys.c  done.
[ 24%]                        C-mif.c
[ 25%]                        C-mif.c  done.
[ 25%]                       C-move.c
[ 26%]                       C-move.c  done.
[ 26%]                 C-M_readline.c
[ 27%]                 C-M_readline.c  done.
[ 27%]                    C-M_regex.c
[ 28%]                    C-M_regex.c  done.
[ 28%]                   C-M_sqlite.c
[ 29%]                   C-M_sqlite.c  done.
[ 29%]                   C-M_system.c
[ 30%]                   C-M_system.c  done.
[ 30%]                  C-mysignal_.c
[ 31%]                  C-mysignal_.c  done.
[ 31%]      C-my_stopwatch_cpu_time.c
[ 32%]      C-my_stopwatch_cpu_time.c  done.
[ 32%]                  C-newtokens.c
[ 33%]                  C-newtokens.c  done.
[ 33%]                        C-nil.c
[ 33%]                        C-nil.c  done.
[ 33%]                     cntcrv.f90
[ 34%]                     cntcrv.f90  done.
[ 34%]                    C-objects.c
[ 35%]                    C-objects.c  done.
[ 35%]                    C-patches.c
[ 36%]                    C-patches.c  done.
[ 36%]                        C-pbm.c
[ 37%]                        C-pbm.c  done.
[ 37%]                       C-pcl5.c
[ 38%]                       C-pcl5.c  done.
[ 38%]                        C-pdf.c
[ 39%]                        C-pdf.c  done.
[ 39%]                     C-points.c
[ 40%]                     C-points.c  done.
[ 40%]                   C-polygons.c
[ 41%]                   C-polygons.c  done.
[ 41%]                        C-ppm.c
[ 42%]                        C-ppm.c  done.
[ 42%]                       C-pref.c
[ 43%]                       C-pref.c  done.
[ 43%]                         C-ps.c
[ 44%]                         C-ps.c  done.
[ 44%]                  C-read_line.c
[ 44%]                  C-read_line.c  done.
[ 44%]                       C-rect.c
[ 45%]                       C-rect.c  done.
[ 45%]                     C-rgbhls.c
[ 46%]                     C-rgbhls.c  done.
[ 46%]                     C-rgbhvs.c
[ 47%]                     C-rgbhvs.c  done.
[ 47%]                    C-rgbmono.c
[ 48%]                    C-rgbmono.c  done.
[ 48%]                     C-rgbval.c
[ 49%]                     C-rgbval.c  done.
[ 49%]                        C-rtf.c
[ 50%]                        C-rtf.c  done.
[ 50%]                      C-scale.c
[ 51%]                      C-scale.c  done.
[ 51%]                        C-svg.c
[ 52%]                        C-svg.c  done.
[ 52%]                        C-tek.c
[ 53%]                        C-tek.c  done.
[ 53%]                     C-tensor.c
[ 54%]                     C-tensor.c  done.
[ 54%]                       C-text.c
[ 55%]                       C-text.c  done.
[ 55%]                      C-trans.c
[ 55%]                      C-trans.c  done.
[ 55%]                   C-unixplot.c
[ 56%]                   C-unixplot.c  done.
[ 56%]                     C-usemap.c
[ 57%]                     C-usemap.c  done.
[ 57%]                     C-valloc.c
[ 58%]                     C-valloc.c  done.
[ 58%]                     C-verror.c
[ 59%]                     C-verror.c  done.
[ 59%]                    C-viewing.c
[ 60%]                    C-viewing.c  done.
[ 60%]                      C-viewp.c
[ 61%]                      C-viewp.c  done.
[ 61%]                        C-vml.c
[ 62%]                        C-vml.c  done.
[ 62%]                        C-vog.c
[ 63%]                        C-vog.c  done.
[ 63%]                        C-X11.c
[ 64%]                        C-X11.c  done.
[ 64%]                       C-xfig.c
[ 65%]                       C-xfig.c  done.
[ 65%]                  C-yobbarays.c
[ 66%]                  C-yobbarays.c  done.
[ 66%]                  dparanoia.f90
[ 66%]                  dparanoia.f90  done.
[ 66%]                 M_anything.f90
[ 67%]                 M_anything.f90  done.
[ 67%]           M_framework__msg.f90
[ 68%]           M_framework__msg.f90  done.
[ 68%]               M_intrinsics.f90
[ 69%]               M_intrinsics.f90  done.
[ 69%]                       M_LA.f90
[ 70%]                       M_LA.f90  done.
[ 70%]                     M_list.f90
[ 71%]                     M_list.f90  done.
[ 71%]                      M_msg.f90
[ 72%]                      M_msg.f90  done.
[ 72%]                  M_ncurses.f90
[ 73%]                  M_ncurses.f90  done.
[ 73%]                  M_process.f90
[ 74%]                  M_process.f90  done.
[ 74%]                   M_random.f90
[ 75%]                   M_random.f90  done.
[ 75%]                     M_sort.f90
[ 76%]                     M_sort.f90  done.
[ 76%]        my_stopwatch_cpu_time.c
[ 77%]        my_stopwatch_cpu_time.c  done.
[ 77%]                  sparanoia.f90
[ 77%]                  sparanoia.f90  done.
[ 77%]       M_framework__journal.f90
[ 78%]       M_framework__journal.f90  done.
[ 78%]        M_framework__verify.f90
[ 79%]        M_framework__verify.f90  done.
[ 79%]                  M_journal.f90
[ 80%]                  M_journal.f90  done.
[ 80%]              nc_errmessage.f90
[ 81%]              nc_errmessage.f90  done.
[ 81%]             nc_printescape.f90
[ 82%]             nc_printescape.f90  done.
[ 82%]               nc_printhtml.f90
[ 83%]               nc_printhtml.f90  done.
[ 83%]              nc_printplain.f90
[ 84%]              nc_printplain.f90  done.
[ 84%]            nc_printunicode.f90
[ 85%]            nc_printunicode.f90  done.
[ 85%]        M_framework__approx.f90
[ 86%]        M_framework__approx.f90  done.
[ 86%]                     M_math.f90
[ 87%]                     M_math.f90  done.
[ 87%]                  M_strings.f90
[ 88%]                  M_strings.f90  done.
[ 88%]                   M_verify.f90
[ 88%]                   M_verify.f90  done.
[ 88%]                   paranoia.f90
[ 89%]                   paranoia.f90  done.
[ 89%]                     M_args.f90
[ 90%]                     M_args.f90  done.
[ 90%]                     M_time.f90
[ 91%]                     M_time.f90  done.
[ 91%]                  M_kracken.f90
[ 92%]                  M_kracken.f90  done.
[ 92%]                   M_system.f90
[ 93%]                   M_system.f90  done.
[ 93%]                     M_uuid.f90
[ 94%]                     M_uuid.f90  done.
[ 94%]                       M_io.f90
[ 95%]                       M_io.f90  done.
[ 95%]                       lsup.f90
[ 96%]                       lsup.f90  done.
[ 96%]               M_calculator.f90
[ 97%]               M_calculator.f90  done.
[ 97%]                    calc_NC.f90
[ 98%]                    calc_NC.f90  done.
[ 98%]                      liblsup.a
[ 99%]                      liblsup.a  done.
[ 99%]                           lsup
[100%]                           lsup  done.
[100%] Project compiled successfully.
# Update: build/gfortran_E167FD2A985B468F/app/lsup -> /home/urbanjs/venus/V600/.local/bin
Reading file app/lsup.f90

Processing documentation comments...
Correlating information from different parts of your project...

Creating HTML documentation...

Writing documentation to '/home/urbanjs/venus/V600/github/apps/lsup/docs/fpm-ford'...

Browse the generated documentation: file:///home/urbanjs/venus/V600/github/apps/lsup/docs/fpm-ford/index.html
-rw-rw-r-- 1 urbanjs urbanjs 70044 Jun 12 22:41 nd/app/nd.f90
 + mkdir -p build/dependencies
Initialized empty Git repository in /home/urbanjs/venus/V600/github/apps/nd/build/dependencies/M_CLI2/.git/
Initialized empty Git repository in /home/urbanjs/venus/V600/github/apps/nd/build/dependencies/M_framework/.git/
[  0%]                     M_CLI2.F90
[ 10%]                     M_CLI2.F90  done.
[ 10%]           M_framework__msg.F90
[ 20%]           M_framework__msg.F90  done.
[ 20%]       M_framework__utility.f90
[ 30%]       M_framework__utility.f90  done.
[ 30%]       M_framework__journal.f90
[ 40%]       M_framework__journal.f90  done.
[ 40%]        M_framework__verify.F90
[ 50%]        M_framework__verify.F90  done.
[ 50%]        M_framework__approx.F90
[ 60%]        M_framework__approx.F90  done.
[ 60%]                M_framework.f90
[ 70%]                M_framework.f90  done.
[ 70%]                        libnd.a
[ 80%]                        libnd.a  done.
[ 80%]                         nd.f90
[ 90%]                         nd.f90  done.
[ 90%]                             nd
[100%]                             nd  done.
[100%] Project compiled successfully.
# Update: build/gfortran_E167FD2A985B468F/app/nd -> /home/urbanjs/venus/V600/.local/bin
Reading file app/nd.f90
Reading file test/check.f90

Processing documentation comments...
Correlating information from different parts of your project...

Creating HTML documentation...

Writing documentation to '/home/urbanjs/venus/V600/github/apps/nd/docs/fpm-ford'...

Browse the generated documentation: file:///home/urbanjs/venus/V600/github/apps/nd/docs/fpm-ford/index.html
-rw-rw-r-- 1 urbanjs urbanjs 10096 Jun 12 22:42 playground/app/playground.f90
 + mkdir -p build/dependencies
Initialized empty Git repository in /home/urbanjs/venus/V600/github/apps/playground/build/dependencies/M_strings/.git/
Initialized empty Git repository in /home/urbanjs/venus/V600/github/apps/playground/build/dependencies/M_io/.git/
Initialized empty Git repository in /home/urbanjs/venus/V600/github/apps/playground/build/dependencies/M_CLI2/.git/
[  0%]                  M_strings.F90
[ 16%]                  M_strings.F90  done.
[ 16%]                       M_io.F90
[ 33%]                       M_io.F90  done.
[ 33%]                     M_CLI2.F90
[ 50%]                     M_CLI2.F90  done.
[ 50%]                libplayground.a
[ 66%]                libplayground.a  done.
[ 66%]                 playground.f90
[ 83%]                 playground.f90  done.
[ 83%]                     playground
[100%]                     playground  done.
[100%] Project compiled successfully.
# Update: build/gfortran_E167FD2A985B468F/app/playground -> /home/urbanjs/venus/V600/.local/bin
-rw-rw-r-- 1 urbanjs urbanjs 12827 Jun 12 22:42 sub/app/sub.f90
 + mkdir -p build/dependencies
Initialized empty Git repository in /home/urbanjs/venus/V600/github/apps/sub/build/dependencies/M_CLI2/.git/
Initialized empty Git repository in /home/urbanjs/venus/V600/github/apps/sub/build/dependencies/M_strings/.git/
Initialized empty Git repository in /home/urbanjs/venus/V600/github/apps/sub/build/dependencies/M_io/.git/
Initialized empty Git repository in /home/urbanjs/venus/V600/github/apps/sub/build/dependencies/M_system/.git/
Initialized empty Git repository in /home/urbanjs/venus/V600/github/apps/sub/build/dependencies/M_uuid/.git/
[  0%]                     M_CLI2.F90
[ 11%]                     M_CLI2.F90  done.
[ 11%]                  M_strings.F90
[ 22%]                  M_strings.F90  done.
[ 22%]                       M_io.F90
[ 33%]                       M_io.F90  done.
[ 33%]                   C-M_system.c
[ 44%]                   C-M_system.c  done.
[ 44%]                   M_system.F90
[ 55%]                   M_system.F90  done.
[ 55%]                     M_uuid.f90
[ 66%]                     M_uuid.f90  done.
[ 66%]                       libsub.a
[ 77%]                       libsub.a  done.
[ 77%]                        sub.f90
[ 88%]                        sub.f90  done.
[ 88%]                            sub
[100%]                            sub  done.
[100%] Project compiled successfully.
# Update: build/gfortran_E167FD2A985B468F/app/sub -> /home/urbanjs/venus/V600/.local/bin
Reading file app/sub.f90

Processing documentation comments...
Correlating information from different parts of your project...

Creating HTML documentation...

Writing documentation to '/home/urbanjs/venus/V600/github/apps/sub/docs/fpm-ford'...

Browse the generated documentation: file:///home/urbanjs/venus/V600/github/apps/sub/docs/fpm-ford/index.html
-rw-rw-r-- 1 urbanjs urbanjs 7284 Jun 12 22:42 xpand/app/xpand.f90
 + mkdir -p build/dependencies
Initialized empty Git repository in /home/urbanjs/venus/V600/github/apps/xpand/build/dependencies/M_CLI2/.git/
Initialized empty Git repository in /home/urbanjs/venus/V600/github/apps/xpand/build/dependencies/M_io/.git/
Initialized empty Git repository in /home/urbanjs/venus/V600/github/apps/xpand/build/dependencies/M_strings/.git/
[  0%]                     M_CLI2.F90
[ 16%]                     M_CLI2.F90  done.
[ 16%]                       M_io.F90
[ 33%]                       M_io.F90  done.
[ 33%]                  M_strings.F90
[ 50%]                  M_strings.F90  done.
[ 50%]                     libxpand.a
[ 66%]                     libxpand.a  done.
[ 66%]                      xpand.f90
[ 83%]                      xpand.f90  done.
[ 83%]                          xpand
[100%]                          xpand  done.
[100%] Project compiled successfully.
# Update: build/gfortran_E167FD2A985B468F/app/xpand -> /home/urbanjs/venus/V600/.local/bin
Reading file app/xpand.f90

Processing documentation comments...
Correlating information from different parts of your project...

Creating HTML documentation...

Writing documentation to '/home/urbanjs/venus/V600/github/apps/xpand/docs/fpm-ford'...

Browse the generated documentation: file:///home/urbanjs/venus/V600/github/apps/xpand/docs/fpm-ford/index.html
